<?xml version="1.0" encoding="UTF-8"?>
<!-- Generated by org.testng.reporters.JUnitReportReporter -->
<testsuite hostname="Moldirs-MBP" failures="3" tests="3" name="AllyTest.GunnisonAlly" time="6.702" errors="0" timestamp="2021-03-17T14:37:38 EDT" skipped="0">
  <testcase classname="AllyTest.GunnisonAlly" name="verifyGunnisonHome" time="2.031">
    <failure message="Found 8 accessibility violations:
1) Elements must have sufficient color contrast: https://dequeuniversity.com/rules/axe/3.5/color-contrast?application=axeAPI
  a) [&quot;.button-14 &gt; .fusion-button-text&quot;]
    Fix any of the following:
      Element has insufficient color contrast of 3.48 (foreground color: #cf7038, background color: #ffffff, font size: 10.5pt (14px), font weight: bold). Expected contrast ratio of 4.5:1


2) Headings must not be empty: https://dequeuniversity.com/rules/axe/3.5/empty-heading?application=axeAPI
  a) [&quot;.fusion-title-15 &gt; .title-heading-center[data-fontsize=\&quot;\\37 0\&quot;][data-lineheight=\&quot;\\39 8px\&quot;]&quot;]
    Fix any of the following:
      Element does not have text that is visible to screen readers


  b) [&quot;.fusion-title-19 &gt; .title-heading-center[data-fontsize=\&quot;\\37 0\&quot;][data-lineheight=\&quot;\\39 8px\&quot;]&quot;]
    Fix any of the following:
      Element does not have text that is visible to screen readers


3) Heading levels should only increase by one: https://dequeuniversity.com/rules/axe/3.5/heading-order?application=axeAPI
  a) [&quot;.fusion-text-5 &gt; h4[data-lineheight=\&quot;\\33 6px\&quot;]&quot;]
    Fix any of the following:
      Heading order invalid


  b) [&quot;.fusion-text-12 &gt; h6&quot;]
    Fix any of the following:
      Heading order invalid


  c) [&quot;.fusion-text-14 &gt; h6&quot;]
    Fix any of the following:
      Heading order invalid


  d) [&quot;.fusion-text-16 &gt; h6&quot;]
    Fix any of the following:
      Heading order invalid


  e) [&quot;.fusion-text-18 &gt; h6&quot;]
    Fix any of the following:
      Heading order invalid


4) Images must have alternate text: https://dequeuniversity.com/rules/axe/3.5/image-alt?application=axeAPI
  a) [&quot;.wp-image-1748&quot;]
    Fix any of the following:
      Element does not have an alt attribute
      aria-label attribute does not exist or is empty
      aria-labelledby attribute does not exist, references elements that do not exist or references elements that are empty
      Element has no title attribute or the title attribute is empty
      Element&#039;s default semantics were not overridden with role=&quot;presentation&quot;
      Element&#039;s default semantics were not overridden with role=&quot;none&quot;


  b) [&quot;.wp-image-1747&quot;]
    Fix any of the following:
      Element does not have an alt attribute
      aria-label attribute does not exist or is empty
      aria-labelledby attribute does not exist, references elements that do not exist or references elements that are empty
      Element has no title attribute or the title attribute is empty
      Element&#039;s default semantics were not overridden with role=&quot;presentation&quot;
      Element&#039;s default semantics were not overridden with role=&quot;none&quot;


5) Document must not have more than one contentinfo landmark: https://dequeuniversity.com/rules/axe/3.5/landmark-no-duplicate-contentinfo?application=axeAPI
  a) [&quot;.fusion-footer-widget-area&quot;]
    Fix any of the following:
      Document has more than one contentinfo landmark


6) Ensures landmarks are unique: https://dequeuniversity.com/rules/axe/3.5/landmark-unique?application=axeAPI
  a) [&quot;.fusion-footer-widget-area&quot;]
    Fix any of the following:
      The landmark must have a unique aria-label, aria-labelledby, or title to make landmarks distinguishable


7) Page must contain a level-one heading: https://dequeuniversity.com/rules/axe/3.5/page-has-heading-one?application=axeAPI
  a) [&quot;html&quot;]
    Fix all of the following:
      Page must have a level-one heading


8) All page content must be contained by landmarks: https://dequeuniversity.com/rules/axe/3.5/region?application=axeAPI
  a) [&quot;.fusion-title-1&quot;]
    Fix any of the following:
      Some page content is not contained by landmarks


  b) [&quot;.fusion-title-2&quot;]
    Fix any of the following:
      Some page content is not contained by landmarks


  c) [&quot;.button-1&quot;]
    Fix any of the following:
      Some page content is not contained by landmarks


  d) [&quot;.to-top-container&quot;]
    Fix any of the following:
      Some page content is not contained by landmarks

 expected [true] but found [false]" type="java.lang.AssertionError">
      <![CDATA[java.lang.AssertionError: Found 8 accessibility violations:
1) Elements must have sufficient color contrast: https://dequeuniversity.com/rules/axe/3.5/color-contrast?application=axeAPI
  a) [".button-14 > .fusion-button-text"]
    Fix any of the following:
      Element has insufficient color contrast of 3.48 (foreground color: #cf7038, background color: #ffffff, font size: 10.5pt (14px), font weight: bold). Expected contrast ratio of 4.5:1


2) Headings must not be empty: https://dequeuniversity.com/rules/axe/3.5/empty-heading?application=axeAPI
  a) [".fusion-title-15 > .title-heading-center[data-fontsize=\"\\37 0\"][data-lineheight=\"\\39 8px\"]"]
    Fix any of the following:
      Element does not have text that is visible to screen readers


  b) [".fusion-title-19 > .title-heading-center[data-fontsize=\"\\37 0\"][data-lineheight=\"\\39 8px\"]"]
    Fix any of the following:
      Element does not have text that is visible to screen readers


3) Heading levels should only increase by one: https://dequeuniversity.com/rules/axe/3.5/heading-order?application=axeAPI
  a) [".fusion-text-5 > h4[data-lineheight=\"\\33 6px\"]"]
    Fix any of the following:
      Heading order invalid


  b) [".fusion-text-12 > h6"]
    Fix any of the following:
      Heading order invalid


  c) [".fusion-text-14 > h6"]
    Fix any of the following:
      Heading order invalid


  d) [".fusion-text-16 > h6"]
    Fix any of the following:
      Heading order invalid


  e) [".fusion-text-18 > h6"]
    Fix any of the following:
      Heading order invalid


4) Images must have alternate text: https://dequeuniversity.com/rules/axe/3.5/image-alt?application=axeAPI
  a) [".wp-image-1748"]
    Fix any of the following:
      Element does not have an alt attribute
      aria-label attribute does not exist or is empty
      aria-labelledby attribute does not exist, references elements that do not exist or references elements that are empty
      Element has no title attribute or the title attribute is empty
      Element's default semantics were not overridden with role="presentation"
      Element's default semantics were not overridden with role="none"


  b) [".wp-image-1747"]
    Fix any of the following:
      Element does not have an alt attribute
      aria-label attribute does not exist or is empty
      aria-labelledby attribute does not exist, references elements that do not exist or references elements that are empty
      Element has no title attribute or the title attribute is empty
      Element's default semantics were not overridden with role="presentation"
      Element's default semantics were not overridden with role="none"


5) Document must not have more than one contentinfo landmark: https://dequeuniversity.com/rules/axe/3.5/landmark-no-duplicate-contentinfo?application=axeAPI
  a) [".fusion-footer-widget-area"]
    Fix any of the following:
      Document has more than one contentinfo landmark


6) Ensures landmarks are unique: https://dequeuniversity.com/rules/axe/3.5/landmark-unique?application=axeAPI
  a) [".fusion-footer-widget-area"]
    Fix any of the following:
      The landmark must have a unique aria-label, aria-labelledby, or title to make landmarks distinguishable


7) Page must contain a level-one heading: https://dequeuniversity.com/rules/axe/3.5/page-has-heading-one?application=axeAPI
  a) ["html"]
    Fix all of the following:
      Page must have a level-one heading


8) All page content must be contained by landmarks: https://dequeuniversity.com/rules/axe/3.5/region?application=axeAPI
  a) [".fusion-title-1"]
    Fix any of the following:
      Some page content is not contained by landmarks


  b) [".fusion-title-2"]
    Fix any of the following:
      Some page content is not contained by landmarks


  c) [".button-1"]
    Fix any of the following:
      Some page content is not contained by landmarks


  d) [".to-top-container"]
    Fix any of the following:
      Some page content is not contained by landmarks

 expected [true] but found [false]
at org.testng.Assert.fail(Assert.java:99)
at org.testng.Assert.failNotEquals(Assert.java:1037)
at org.testng.Assert.assertTrue(Assert.java:45)
at AllyTest.GunnisonAlly.gunnisonAllyTest(GunnisonAlly.java:46)
at AllyTest.GunnisonAlly.verifyGunnisonHome(GunnisonAlly.java:58)
at java.base/jdk.internal.reflect.NativeMethodAccessorImpl.invoke0(Native Method)
at java.base/jdk.internal.reflect.NativeMethodAccessorImpl.invoke(NativeMethodAccessorImpl.java:64)
at java.base/jdk.internal.reflect.DelegatingMethodAccessorImpl.invoke(DelegatingMethodAccessorImpl.java:43)
at java.base/java.lang.reflect.Method.invoke(Method.java:564)
at org.testng.internal.MethodInvocationHelper.invokeMethod(MethodInvocationHelper.java:133)
at org.testng.internal.TestInvoker.invokeMethod(TestInvoker.java:598)
at org.testng.internal.TestInvoker.invokeTestMethod(TestInvoker.java:173)
at org.testng.internal.MethodRunner.runInSequence(MethodRunner.java:46)
at org.testng.internal.TestInvoker$MethodInvocationAgent.invoke(TestInvoker.java:824)
at org.testng.internal.TestInvoker.invokeTestMethods(TestInvoker.java:146)
at org.testng.internal.TestMethodWorker.invokeTestMethods(TestMethodWorker.java:146)
at org.testng.internal.TestMethodWorker.run(TestMethodWorker.java:128)
at java.base/java.util.ArrayList.forEach(ArrayList.java:1511)
at org.testng.TestRunner.privateRun(TestRunner.java:794)
at org.testng.TestRunner.run(TestRunner.java:596)
at org.testng.SuiteRunner.runTest(SuiteRunner.java:377)
at org.testng.SuiteRunner.runSequentially(SuiteRunner.java:371)
at org.testng.SuiteRunner.privateRun(SuiteRunner.java:332)
at org.testng.SuiteRunner.run(SuiteRunner.java:276)
at org.testng.SuiteRunnerWorker.runSuite(SuiteRunnerWorker.java:53)
at org.testng.SuiteRunnerWorker.run(SuiteRunnerWorker.java:96)
at org.testng.TestNG.runSuitesSequentially(TestNG.java:1212)
at org.testng.TestNG.runSuitesLocally(TestNG.java:1134)
at org.testng.TestNG.runSuites(TestNG.java:1063)
at org.testng.TestNG.run(TestNG.java:1031)
at org.testng.remote.AbstractRemoteTestNG.run(AbstractRemoteTestNG.java:115)
at org.testng.remote.RemoteTestNG.initAndRun(RemoteTestNG.java:251)
at org.testng.remote.RemoteTestNG.main(RemoteTestNG.java:77)
]]>
    </failure>
  </testcase> <!-- verifyGunnisonHome -->
  <system-out/>
  <testcase classname="AllyTest.GunnisonAlly" name="verifyAboutUs" time="2.556">
    <failure message="Found 4 accessibility violations:
1) Heading levels should only increase by one: https://dequeuniversity.com/rules/axe/3.5/heading-order?application=axeAPI
  a) [&quot;.fusion-text-4 &gt; h3&quot;]
    Fix any of the following:
      Heading order invalid


  b) [&quot;.fusion-text-8 &gt; h6&quot;]
    Fix any of the following:
      Heading order invalid


  c) [&quot;.fusion-text-9 &gt; h6&quot;]
    Fix any of the following:
      Heading order invalid


2) Document must not have more than one contentinfo landmark: https://dequeuniversity.com/rules/axe/3.5/landmark-no-duplicate-contentinfo?application=axeAPI
  a) [&quot;.fusion-footer-widget-area&quot;]
    Fix any of the following:
      Document has more than one contentinfo landmark


3) Ensures landmarks are unique: https://dequeuniversity.com/rules/axe/3.5/landmark-unique?application=axeAPI
  a) [&quot;.fusion-footer-widget-area&quot;]
    Fix any of the following:
      The landmark must have a unique aria-label, aria-labelledby, or title to make landmarks distinguishable


4) All page content must be contained by landmarks: https://dequeuniversity.com/rules/axe/3.5/region?application=axeAPI
  a) [&quot;.avada-page-titlebar-wrapper&quot;]
    Fix any of the following:
      Some page content is not contained by landmarks


  b) [&quot;.to-top-container&quot;]
    Fix any of the following:
      Some page content is not contained by landmarks

 expected [true] but found [false]" type="java.lang.AssertionError">
      <![CDATA[java.lang.AssertionError: Found 4 accessibility violations:
1) Heading levels should only increase by one: https://dequeuniversity.com/rules/axe/3.5/heading-order?application=axeAPI
  a) [".fusion-text-4 > h3"]
    Fix any of the following:
      Heading order invalid


  b) [".fusion-text-8 > h6"]
    Fix any of the following:
      Heading order invalid


  c) [".fusion-text-9 > h6"]
    Fix any of the following:
      Heading order invalid


2) Document must not have more than one contentinfo landmark: https://dequeuniversity.com/rules/axe/3.5/landmark-no-duplicate-contentinfo?application=axeAPI
  a) [".fusion-footer-widget-area"]
    Fix any of the following:
      Document has more than one contentinfo landmark


3) Ensures landmarks are unique: https://dequeuniversity.com/rules/axe/3.5/landmark-unique?application=axeAPI
  a) [".fusion-footer-widget-area"]
    Fix any of the following:
      The landmark must have a unique aria-label, aria-labelledby, or title to make landmarks distinguishable


4) All page content must be contained by landmarks: https://dequeuniversity.com/rules/axe/3.5/region?application=axeAPI
  a) [".avada-page-titlebar-wrapper"]
    Fix any of the following:
      Some page content is not contained by landmarks


  b) [".to-top-container"]
    Fix any of the following:
      Some page content is not contained by landmarks

 expected [true] but found [false]
at org.testng.Assert.fail(Assert.java:99)
at org.testng.Assert.failNotEquals(Assert.java:1037)
at org.testng.Assert.assertTrue(Assert.java:45)
at AllyTest.GunnisonAlly.gunnisonAllyTest(GunnisonAlly.java:46)
at AllyTest.GunnisonAlly.verifyAboutUs(GunnisonAlly.java:71)
at java.base/jdk.internal.reflect.NativeMethodAccessorImpl.invoke0(Native Method)
at java.base/jdk.internal.reflect.NativeMethodAccessorImpl.invoke(NativeMethodAccessorImpl.java:64)
at java.base/jdk.internal.reflect.DelegatingMethodAccessorImpl.invoke(DelegatingMethodAccessorImpl.java:43)
at java.base/java.lang.reflect.Method.invoke(Method.java:564)
at org.testng.internal.MethodInvocationHelper.invokeMethod(MethodInvocationHelper.java:133)
at org.testng.internal.TestInvoker.invokeMethod(TestInvoker.java:598)
at org.testng.internal.TestInvoker.invokeTestMethod(TestInvoker.java:173)
at org.testng.internal.MethodRunner.runInSequence(MethodRunner.java:46)
at org.testng.internal.TestInvoker$MethodInvocationAgent.invoke(TestInvoker.java:824)
at org.testng.internal.TestInvoker.invokeTestMethods(TestInvoker.java:146)
at org.testng.internal.TestMethodWorker.invokeTestMethods(TestMethodWorker.java:146)
at org.testng.internal.TestMethodWorker.run(TestMethodWorker.java:128)
at java.base/java.util.ArrayList.forEach(ArrayList.java:1511)
at org.testng.TestRunner.privateRun(TestRunner.java:794)
at org.testng.TestRunner.run(TestRunner.java:596)
at org.testng.SuiteRunner.runTest(SuiteRunner.java:377)
at org.testng.SuiteRunner.runSequentially(SuiteRunner.java:371)
at org.testng.SuiteRunner.privateRun(SuiteRunner.java:332)
at org.testng.SuiteRunner.run(SuiteRunner.java:276)
at org.testng.SuiteRunnerWorker.runSuite(SuiteRunnerWorker.java:53)
at org.testng.SuiteRunnerWorker.run(SuiteRunnerWorker.java:96)
at org.testng.TestNG.runSuitesSequentially(TestNG.java:1212)
at org.testng.TestNG.runSuitesLocally(TestNG.java:1134)
at org.testng.TestNG.runSuites(TestNG.java:1063)
at org.testng.TestNG.run(TestNG.java:1031)
at org.testng.remote.AbstractRemoteTestNG.run(AbstractRemoteTestNG.java:115)
at org.testng.remote.RemoteTestNG.initAndRun(RemoteTestNG.java:251)
at org.testng.remote.RemoteTestNG.main(RemoteTestNG.java:77)
]]>
    </failure>
  </testcase> <!-- verifyAboutUs -->
  <system-out/>
  <testcase classname="AllyTest.GunnisonAlly" name="verifyCapabilities" time="2.115">
    <failure message="Found 4 accessibility violations:
1) Heading levels should only increase by one: https://dequeuniversity.com/rules/axe/3.5/heading-order?application=axeAPI
  a) [&quot;.fusion-text-1 &gt; h4[data-fontsize=\&quot;\\32 4\&quot;][data-lineheight=\&quot;\\33 6px\&quot;]&quot;]
    Fix any of the following:
      Heading order invalid


  b) [&quot;.fusion-text-15 &gt; h6&quot;]
    Fix any of the following:
      Heading order invalid


  c) [&quot;.fusion-text-16 &gt; h6&quot;]
    Fix any of the following:
      Heading order invalid


2) Document must not have more than one contentinfo landmark: https://dequeuniversity.com/rules/axe/3.5/landmark-no-duplicate-contentinfo?application=axeAPI
  a) [&quot;.fusion-footer-widget-area&quot;]
    Fix any of the following:
      Document has more than one contentinfo landmark


3) Ensures landmarks are unique: https://dequeuniversity.com/rules/axe/3.5/landmark-unique?application=axeAPI
  a) [&quot;.fusion-footer-widget-area&quot;]
    Fix any of the following:
      The landmark must have a unique aria-label, aria-labelledby, or title to make landmarks distinguishable


4) All page content must be contained by landmarks: https://dequeuniversity.com/rules/axe/3.5/region?application=axeAPI
  a) [&quot;.avada-page-titlebar-wrapper&quot;]
    Fix any of the following:
      Some page content is not contained by landmarks


  b) [&quot;.to-top-container&quot;]
    Fix any of the following:
      Some page content is not contained by landmarks

 expected [true] but found [false]" type="java.lang.AssertionError">
      <![CDATA[java.lang.AssertionError: Found 4 accessibility violations:
1) Heading levels should only increase by one: https://dequeuniversity.com/rules/axe/3.5/heading-order?application=axeAPI
  a) [".fusion-text-1 > h4[data-fontsize=\"\\32 4\"][data-lineheight=\"\\33 6px\"]"]
    Fix any of the following:
      Heading order invalid


  b) [".fusion-text-15 > h6"]
    Fix any of the following:
      Heading order invalid


  c) [".fusion-text-16 > h6"]
    Fix any of the following:
      Heading order invalid


2) Document must not have more than one contentinfo landmark: https://dequeuniversity.com/rules/axe/3.5/landmark-no-duplicate-contentinfo?application=axeAPI
  a) [".fusion-footer-widget-area"]
    Fix any of the following:
      Document has more than one contentinfo landmark


3) Ensures landmarks are unique: https://dequeuniversity.com/rules/axe/3.5/landmark-unique?application=axeAPI
  a) [".fusion-footer-widget-area"]
    Fix any of the following:
      The landmark must have a unique aria-label, aria-labelledby, or title to make landmarks distinguishable


4) All page content must be contained by landmarks: https://dequeuniversity.com/rules/axe/3.5/region?application=axeAPI
  a) [".avada-page-titlebar-wrapper"]
    Fix any of the following:
      Some page content is not contained by landmarks


  b) [".to-top-container"]
    Fix any of the following:
      Some page content is not contained by landmarks

 expected [true] but found [false]
at org.testng.Assert.fail(Assert.java:99)
at org.testng.Assert.failNotEquals(Assert.java:1037)
at org.testng.Assert.assertTrue(Assert.java:45)
at AllyTest.GunnisonAlly.gunnisonAllyTest(GunnisonAlly.java:46)
at AllyTest.GunnisonAlly.verifyCapabilities(GunnisonAlly.java:65)
at java.base/jdk.internal.reflect.NativeMethodAccessorImpl.invoke0(Native Method)
at java.base/jdk.internal.reflect.NativeMethodAccessorImpl.invoke(NativeMethodAccessorImpl.java:64)
at java.base/jdk.internal.reflect.DelegatingMethodAccessorImpl.invoke(DelegatingMethodAccessorImpl.java:43)
at java.base/java.lang.reflect.Method.invoke(Method.java:564)
at org.testng.internal.MethodInvocationHelper.invokeMethod(MethodInvocationHelper.java:133)
at org.testng.internal.TestInvoker.invokeMethod(TestInvoker.java:598)
at org.testng.internal.TestInvoker.invokeTestMethod(TestInvoker.java:173)
at org.testng.internal.MethodRunner.runInSequence(MethodRunner.java:46)
at org.testng.internal.TestInvoker$MethodInvocationAgent.invoke(TestInvoker.java:824)
at org.testng.internal.TestInvoker.invokeTestMethods(TestInvoker.java:146)
at org.testng.internal.TestMethodWorker.invokeTestMethods(TestMethodWorker.java:146)
at org.testng.internal.TestMethodWorker.run(TestMethodWorker.java:128)
at java.base/java.util.ArrayList.forEach(ArrayList.java:1511)
at org.testng.TestRunner.privateRun(TestRunner.java:794)
at org.testng.TestRunner.run(TestRunner.java:596)
at org.testng.SuiteRunner.runTest(SuiteRunner.java:377)
at org.testng.SuiteRunner.runSequentially(SuiteRunner.java:371)
at org.testng.SuiteRunner.privateRun(SuiteRunner.java:332)
at org.testng.SuiteRunner.run(SuiteRunner.java:276)
at org.testng.SuiteRunnerWorker.runSuite(SuiteRunnerWorker.java:53)
at org.testng.SuiteRunnerWorker.run(SuiteRunnerWorker.java:96)
at org.testng.TestNG.runSuitesSequentially(TestNG.java:1212)
at org.testng.TestNG.runSuitesLocally(TestNG.java:1134)
at org.testng.TestNG.runSuites(TestNG.java:1063)
at org.testng.TestNG.run(TestNG.java:1031)
at org.testng.remote.AbstractRemoteTestNG.run(AbstractRemoteTestNG.java:115)
at org.testng.remote.RemoteTestNG.initAndRun(RemoteTestNG.java:251)
at org.testng.remote.RemoteTestNG.main(RemoteTestNG.java:77)
]]>
    </failure>
  </testcase> <!-- verifyCapabilities -->
  <system-out/>
</testsuite> <!-- AllyTest.GunnisonAlly -->
