<?xml version="1.0" encoding="UTF-8"?>
<!-- Generated by org.testng.reporters.JUnitReportReporter -->
<testsuite hostname="Moldirs-MBP" failures="1" tests="1" name="AllyTest.USPTOAllyTest" time="3.848" errors="0" timestamp="2021-03-11T13:40:45 EST" skipped="0">
  <testcase classname="AllyTest.USPTOAllyTest" name="usptoAllyTest" time="3.848">
    <failure message="Found 7 accessibility violations:
1) ARIA attributes must conform to valid values: https://dequeuniversity.com/rules/axe/3.5/aria-valid-attr-value?application=axeAPI
  a) [&quot;a[href$=\&quot;\\#newsTab\&quot;]&quot;]
    Fix all of the following:
      Invalid ARIA attribute value: aria-controls=&quot;news&quot;


  b) [&quot;a[href$=\&quot;\\#eventsTab\&quot;]&quot;]
    Fix all of the following:
      Invalid ARIA attribute value: aria-controls=&quot;events&quot;


  c) [&quot;a[href$=\&quot;\\#remarksTab\&quot;]&quot;]
    Fix all of the following:
      Invalid ARIA attribute value: aria-controls=&quot;remarks&quot;


2) id attribute value must be unique: https://dequeuniversity.com/rules/axe/3.5/duplicate-id?application=axeAPI
  a) [&quot;script[defer=\&quot;\&quot;][type=\&quot;text\\/javascript\&quot;]:nth-child(42)&quot;]
    Fix any of the following:
      Document has multiple static elements with the same id attribute


3) Form elements should have a visible label: https://dequeuniversity.com/rules/axe/3.5/label-title-only?application=axeAPI
  a) [&quot;#headerSearchInput&quot;]
    Fix all of the following:
      Only title used to generate label for form element


4) Main landmark must not be contained in another landmark: https://dequeuniversity.com/rules/axe/3.5/landmark-main-is-top-level?application=axeAPI
  a) [&quot;#content&quot;]
    Fix any of the following:
      The main landmark is contained in another landmark.


5) Document must not have more than one main landmark: https://dequeuniversity.com/rules/axe/3.5/landmark-no-duplicate-main?application=axeAPI
  a) [&quot;#main&quot;]
    Fix any of the following:
      Document has more than one main landmark


6) Ensures landmarks are unique: https://dequeuniversity.com/rules/axe/3.5/landmark-unique?application=axeAPI
  a) [&quot;#uspto-top-nav&quot;]
    Fix any of the following:
      The landmark must have a unique aria-label, aria-labelledby, or title to make landmarks distinguishable


  b) [&quot;#main&quot;]
    Fix any of the following:
      The landmark must have a unique aria-label, aria-labelledby, or title to make landmarks distinguishable


7) Page must contain a level-one heading: https://dequeuniversity.com/rules/axe/3.5/page-has-heading-one?application=axeAPI
  a) [&quot;html&quot;]
    Fix all of the following:
      Page must have a level-one heading

 expected [true] but found [false]" type="java.lang.AssertionError">
      <![CDATA[java.lang.AssertionError: Found 7 accessibility violations:
1) ARIA attributes must conform to valid values: https://dequeuniversity.com/rules/axe/3.5/aria-valid-attr-value?application=axeAPI
  a) ["a[href$=\"\\#newsTab\"]"]
    Fix all of the following:
      Invalid ARIA attribute value: aria-controls="news"


  b) ["a[href$=\"\\#eventsTab\"]"]
    Fix all of the following:
      Invalid ARIA attribute value: aria-controls="events"


  c) ["a[href$=\"\\#remarksTab\"]"]
    Fix all of the following:
      Invalid ARIA attribute value: aria-controls="remarks"


2) id attribute value must be unique: https://dequeuniversity.com/rules/axe/3.5/duplicate-id?application=axeAPI
  a) ["script[defer=\"\"][type=\"text\\/javascript\"]:nth-child(42)"]
    Fix any of the following:
      Document has multiple static elements with the same id attribute


3) Form elements should have a visible label: https://dequeuniversity.com/rules/axe/3.5/label-title-only?application=axeAPI
  a) ["#headerSearchInput"]
    Fix all of the following:
      Only title used to generate label for form element


4) Main landmark must not be contained in another landmark: https://dequeuniversity.com/rules/axe/3.5/landmark-main-is-top-level?application=axeAPI
  a) ["#content"]
    Fix any of the following:
      The main landmark is contained in another landmark.


5) Document must not have more than one main landmark: https://dequeuniversity.com/rules/axe/3.5/landmark-no-duplicate-main?application=axeAPI
  a) ["#main"]
    Fix any of the following:
      Document has more than one main landmark


6) Ensures landmarks are unique: https://dequeuniversity.com/rules/axe/3.5/landmark-unique?application=axeAPI
  a) ["#uspto-top-nav"]
    Fix any of the following:
      The landmark must have a unique aria-label, aria-labelledby, or title to make landmarks distinguishable


  b) ["#main"]
    Fix any of the following:
      The landmark must have a unique aria-label, aria-labelledby, or title to make landmarks distinguishable


7) Page must contain a level-one heading: https://dequeuniversity.com/rules/axe/3.5/page-has-heading-one?application=axeAPI
  a) ["html"]
    Fix all of the following:
      Page must have a level-one heading

 expected [true] but found [false]
at org.testng.Assert.fail(Assert.java:99)
at org.testng.Assert.failNotEquals(Assert.java:1037)
at org.testng.Assert.assertTrue(Assert.java:45)
at AllyTest.USPTOAllyTest.usptoAllyTest(USPTOAllyTest.java:42)
at java.base/jdk.internal.reflect.NativeMethodAccessorImpl.invoke0(Native Method)
at java.base/jdk.internal.reflect.NativeMethodAccessorImpl.invoke(NativeMethodAccessorImpl.java:64)
at java.base/jdk.internal.reflect.DelegatingMethodAccessorImpl.invoke(DelegatingMethodAccessorImpl.java:43)
at java.base/java.lang.reflect.Method.invoke(Method.java:564)
at org.testng.internal.MethodInvocationHelper.invokeMethod(MethodInvocationHelper.java:133)
at org.testng.internal.TestInvoker.invokeMethod(TestInvoker.java:598)
at org.testng.internal.TestInvoker.invokeTestMethod(TestInvoker.java:173)
at org.testng.internal.MethodRunner.runInSequence(MethodRunner.java:46)
at org.testng.internal.TestInvoker$MethodInvocationAgent.invoke(TestInvoker.java:824)
at org.testng.internal.TestInvoker.invokeTestMethods(TestInvoker.java:146)
at org.testng.internal.TestMethodWorker.invokeTestMethods(TestMethodWorker.java:146)
at org.testng.internal.TestMethodWorker.run(TestMethodWorker.java:128)
at java.base/java.util.ArrayList.forEach(ArrayList.java:1511)
at org.testng.TestRunner.privateRun(TestRunner.java:794)
at org.testng.TestRunner.run(TestRunner.java:596)
at org.testng.SuiteRunner.runTest(SuiteRunner.java:377)
at org.testng.SuiteRunner.runSequentially(SuiteRunner.java:371)
at org.testng.SuiteRunner.privateRun(SuiteRunner.java:332)
at org.testng.SuiteRunner.run(SuiteRunner.java:276)
at org.testng.SuiteRunnerWorker.runSuite(SuiteRunnerWorker.java:53)
at org.testng.SuiteRunnerWorker.run(SuiteRunnerWorker.java:96)
at org.testng.TestNG.runSuitesSequentially(TestNG.java:1212)
at org.testng.TestNG.runSuitesLocally(TestNG.java:1134)
at org.testng.TestNG.runSuites(TestNG.java:1063)
at org.testng.TestNG.run(TestNG.java:1031)
at org.testng.remote.AbstractRemoteTestNG.run(AbstractRemoteTestNG.java:115)
at org.testng.remote.RemoteTestNG.initAndRun(RemoteTestNG.java:251)
at org.testng.remote.RemoteTestNG.main(RemoteTestNG.java:77)
]]>
    </failure>
  </testcase> <!-- usptoAllyTest -->
  <system-out/>
</testsuite> <!-- AllyTest.USPTOAllyTest -->
